{
  "stats": {
    "suites": 1,
    "tests": 1,
    "passes": 0,
    "pending": 1,
    "failures": 0,
    "start": "2023-05-08T19:15:19.116Z",
    "end": "2023-05-08T19:15:19.194Z",
    "duration": 78,
    "testsRegistered": 1,
    "passPercent": null,
    "pendingPercent": 100,
    "other": 0,
    "hasOther": false,
    "skipped": 0,
    "hasSkipped": false
  },
  "results": [
    {
      "uuid": "dced4245-30c1-4dfd-9f1a-833a50dab4e1",
      "title": "",
      "fullFile": "cypress/e2e/makeup/basket.cy.js",
      "file": "cypress/e2e/makeup/basket.cy.js",
      "beforeHooks": [],
      "afterHooks": [],
      "tests": [],
      "suites": [
        {
          "uuid": "4f1fc968-0b44-4283-b407-6aa97cd37455",
          "title": "basket suite",
          "fullFile": "",
          "file": "",
          "beforeHooks": [],
          "afterHooks": [],
          "tests": [
            {
              "title": "can add a product to the basket \n        and check correctness of total sum calculation",
              "fullTitle": "basket suite can add a product to the basket \n        and check correctness of total sum calculation",
              "timedOut": null,
              "duration": 0,
              "state": "pending",
              "speed": null,
              "pass": false,
              "fail": false,
              "pending": true,
              "context": "\"../videos/basket.cy.js.mp4\"",
              "code": "const homePage = new _HomePage.default();\nconst categoryPage = new _CategoryPage.default();\nconst productPage = new _ProductPage.default();\nconst basketModal = new _BasketModal.default();\nhomePage.visit();\ncy.url().should('contain', Cypress.config().baseUrl);\nhomePage.getFirstCategory().click();\ncy.url().should('contain', '/categorys');\ncategoryPage.getProduct().as('product1').then($product => {\n  categoryPage.getProductTitle($product).invoke('text').as('productName1');\n});\nbuyProduct('@product1');\n// cy.get('@product1').click()\n// productPage.getBasketButton().click()  \n// basketModal.getBasket().should('exist').as('cart')\n// basketModal.getCloseButton().should('have.length', 1).click()\nhomePage.visit();\ncy.url().should('contain', Cypress.config().baseUrl);\nhomePage.getSecondCategory().click();\ncy.url().should('contain', '/categorys');\ncategoryPage.getProduct().as('product2').then($product => {\n  categoryPage.getProductTitle($product).invoke('text').as('productName2');\n});\nbuyProduct('@product2');\n// cy.get('@product2').click()\n// productPage.getBasketButton().click()  \n// basketModal.getBasket().should('exist')\nhomePage.getBasketButton().click();\nbasketModal.getBasket().should('exist');\nbasketModal.getProductsList().should('have.length', 2).as('basketList');\ncy.get('@basketList').then($list => {\n  basketModal.getProductName($list[0]).should('have.text', '@productName1');\n  basketModal.getProductName($list[1]).should('have.text', '@productName2');\n  const productPrice1 = basketModal.getProductPrice($list[0]);\n  const productPrice2 = basketModal.getProductPrice($list[1]);\n  const calculatedOrderPrice = productPrice1 + productPrice2;\n  basketModal.getOrderPrice().should('eq', calculatedOrderPrice);\n});\nfunction buyProduct(product) {\n  cy.get(product).click();\n  productPage.getBasketButton().click();\n  basketModal.getBasket().should('exist').as('cart');\n  basketModal.getCloseButton().should('have.length', 1).click();\n}",
              "err": {},
              "uuid": "7176f37f-aae2-449e-8191-2c5d4f6c9a42",
              "parentUUID": "4f1fc968-0b44-4283-b407-6aa97cd37455",
              "isHook": false,
              "skipped": false
            }
          ],
          "suites": [],
          "passes": [],
          "failures": [],
          "pending": [
            "7176f37f-aae2-449e-8191-2c5d4f6c9a42"
          ],
          "skipped": [],
          "duration": 0,
          "root": false,
          "rootEmpty": false,
          "_timeout": 2000
        }
      ],
      "passes": [],
      "failures": [],
      "pending": [],
      "skipped": [],
      "duration": 0,
      "root": true,
      "rootEmpty": true,
      "_timeout": 2000
    }
  ],
  "meta": {
    "mocha": {
      "version": "7.0.1"
    },
    "mochawesome": {
      "options": {
        "quiet": false,
        "reportFilename": "[name].html",
        "saveHtml": true,
        "saveJson": true,
        "consoleReporter": "spec",
        "useInlineDiffs": false,
        "code": true
      },
      "version": "7.1.3"
    },
    "marge": {
      "options": {
        "useInlineDiffs": true,
        "embeddedScreenshots": true,
        "reportDir": "cypress/results",
        "reportFilename": "[name].html",
        "overwrite": true,
        "html": true,
        "json": true
      },
      "version": "6.2.0"
    }
  }
}